------------------------------------------------------------------------------------------------------------------------

[2018-04-19 01:19:17 #1 store] 
Database 'C:\Users\Nash\workspace\Bank\bank.odb' has been recovered (tr. 1-5)

[2018-04-19 01:19:18 #2 store] 
Database 'C:\Users\Nash\workspace\Bank\bank.odb' is opened by 3492@DESKTOP-JL1A0P2

[2018-04-19 01:19:18 #3 store] 
Configuration path: ?

[2018-04-19 01:19:18 #4 type] 
Type AccountHolder is not enhanced.

[2018-04-19 01:19:18 #5 type] 
Type BankCard is not enhanced.

[2018-04-19 01:19:18 #6 type] 
Type Account is not enhanced.

[2018-04-19 01:19:18 #7 type] 
Type TimeDate is not enhanced.

[2018-04-19 01:19:18 #8 type] 
Type ATMTransaction is not enhanced.

[2018-04-19 01:19:18 #9 type] 
Type Transfer is not enhanced.

[2018-04-19 01:19:18 #10 type] 
Type ATM is not enhanced.

[2018-04-19 01:19:18 #11 type] 
Type Branch is not enhanced.

------------------------------------------------------------------------------------------------------------------------

[2018-04-19 13:15:39 #1 store] 
Database 'C:\Users\Nash\workspace\Bank\bank.odb' has been recovered (tr. 6-6)

[2018-04-19 13:15:39 #2 store] 
Database 'C:\Users\Nash\workspace\Bank\bank.odb' is opened by 8388@DESKTOP-JL1A0P2

[2018-04-19 13:15:39 #3 store] 
Configuration path: ?

[2018-04-19 13:15:40 #4 type] 
Type AccountHolder is not enhanced.

[2018-04-19 13:15:40 #5 type] 
Type BankCard is not enhanced.

[2018-04-19 13:15:40 #6 type] 
Type Account is not enhanced.

[2018-04-19 13:15:40 #7 type] 
Type TimeDate is not enhanced.

[2018-04-19 13:15:40 #8 type] 
Type ATMTransaction is not enhanced.

[2018-04-19 13:15:40 #9 type] 
Type Transfer is not enhanced.

[2018-04-19 13:15:40 #10 type] 
Type ATM is not enhanced.

[2018-04-19 13:15:40 #11 type] 
Type Branch is not enhanced.

[2018-04-19 13:15:40 #12 type.registry] 
New type java.util.TreeSet<java.lang.Object>

------------------------------------------------------------------------------------------------------------------------

[2018-04-19 14:36:16 #1 store] 
Database 'C:\Users\Nash\workspace\Bank\bank.odb' has been recovered (tr. 7-8)

[2018-04-19 14:36:16 #2 store] 
Database 'C:\Users\Nash\workspace\Bank\bank.odb' is opened by 9716@DESKTOP-JL1A0P2

[2018-04-19 14:36:16 #3 store] 
Configuration path: ?

[2018-04-19 14:36:16 #4 type] 
Type AccountHolder is not enhanced.

[2018-04-19 14:36:16 #5 type] 
Type BankCard is not enhanced.

[2018-04-19 14:36:16 #6 type] 
Type Account is not enhanced.

[2018-04-19 14:36:16 #7 type] 
Type TimeDate is not enhanced.

[2018-04-19 14:36:16 #8 type] 
Type ATMTransaction is not enhanced.

[2018-04-19 14:36:16 #9 type] 
Type Transfer is not enhanced.

[2018-04-19 14:36:16 #10 type] 
Type ATM is not enhanced.

[2018-04-19 14:36:16 #11 type] 
Type Branch is not enhanced.

------------------------------------------------------------------------------------------------------------------------

[2018-04-19 15:29:31 #1 store] 
Database 'C:\Users\Nash\workspace\Bank\bank.odb' has been recovered (tr. 9-9)

[2018-04-19 15:29:31 #2 store] 
Database 'C:\Users\Nash\workspace\Bank\bank.odb' is opened by 10904@DESKTOP-JL1A0P2

[2018-04-19 15:29:31 #3 store] 
Configuration path: ?

[2018-04-19 15:29:31 #4 type] 
Type AccountHolder is not enhanced.

[2018-04-19 15:29:31 #5 type] 
Type BankCard is not enhanced.

[2018-04-19 15:29:31 #6 type] 
Type Account is not enhanced.

[2018-04-19 15:29:31 #7 type] 
Type TimeDate is not enhanced.

[2018-04-19 15:29:31 #8 type] 
Type ATMTransaction is not enhanced.

[2018-04-19 15:29:31 #9 type] 
Type Transfer is not enhanced.

[2018-04-19 15:29:31 #10 type] 
Type ATM is not enhanced.

[2018-04-19 15:29:31 #11 type] 
Type Branch is not enhanced.

[2018-04-19 15:29:31 #12 type.registry] 
New type CashDeposit

[2018-04-19 15:29:31 #13 type] 
Type CashDeposit is not enhanced.

[2018-04-19 15:29:31 #14 type.registry] 
New type CashWithdrawal

[2018-04-19 15:29:31 #15 type] 
Type CashWithdrawal is not enhanced.

------------------------------------------------------------------------------------------------------------------------

[2018-04-19 15:58:26 #1 store] 
Database 'C:\Users\Nash\workspace\Bank\bank.odb' is opened by 7784@DESKTOP-JL1A0P2

[2018-04-19 15:58:26 #2 store] 
Configuration path: ?

[2018-04-19 15:58:26 #3 type.registry] 
New type AccountHolder

[2018-04-19 15:58:26 #4 type] 
Type AccountHolder is not enhanced.

[2018-04-19 15:58:26 #5 type.registry] 
New type BankCard

[2018-04-19 15:58:26 #6 type.registry] 
New type java.util.HashSet<BankCard>

[2018-04-19 15:58:26 #7 type.registry] 
New type Account

[2018-04-19 15:58:26 #8 type.registry] 
New type java.util.HashSet<Account>

[2018-04-19 15:58:26 #9 type] 
Type BankCard is not enhanced.

[2018-04-19 15:58:26 #10 type.registry] 
New type TimeDate

[2018-04-19 15:58:26 #11 type.registry] 
New type ATMTransaction

[2018-04-19 15:58:26 #12 type.registry] 
New type java.util.HashSet<ATMTransaction>

[2018-04-19 15:58:26 #13 type] 
Type Account is not enhanced.

[2018-04-19 15:58:26 #14 type.registry] 
New type java.util.HashSet<AccountHolder>

[2018-04-19 15:58:26 #15 type.registry] 
New type java.util.TreeSet<ATMTransaction>

[2018-04-19 15:58:26 #16 type.registry] 
New type Transfer

[2018-04-19 15:58:26 #17 type.registry] 
New type java.util.TreeSet<Transfer>

[2018-04-19 15:58:26 #18 type] 
Type TimeDate is not enhanced.

[2018-04-19 15:58:26 #19 type] 
Type ATMTransaction is not enhanced.

[2018-04-19 15:58:26 #20 type.registry] 
New type ATM

[2018-04-19 15:58:26 #21 type] 
Type Transfer is not enhanced.

[2018-04-19 15:58:26 #22 type] 
Type ATM is not enhanced.

[2018-04-19 15:58:26 #23 type.registry] 
New type Branch

[2018-04-19 15:58:26 #24 type] 
Type Branch is not enhanced.

[2018-04-19 15:58:26 #25 type.registry] 
New type java.util.HashSet<ATM>

[2018-04-19 15:58:26 #26 type.registry] 
New type CashDeposit

[2018-04-19 15:58:26 #27 type] 
Type CashDeposit is not enhanced.

[2018-04-19 15:58:26 #28 type.registry] 
New type CashWithdrawal

[2018-04-19 15:58:26 #29 type] 
Type CashWithdrawal is not enhanced.

[2018-04-19 15:58:26 #30 type.registry] 
New type java.util.HashSet<java.lang.Object>

[2018-04-19 15:58:26 #31 type.registry] 
New type java.util.TreeSet<java.lang.Object>

------------------------------------------------------------------------------------------------------------------------

[2018-04-19 16:05:06 #1 store] 
Database 'C:\Users\Nash\workspace\Bank\bank.odb' is opened by 8388@DESKTOP-JL1A0P2

[2018-04-19 16:05:06 #2 store] 
Configuration path: ?

[2018-04-19 16:05:06 #3 type] 
Type AccountHolder is not enhanced.

[2018-04-19 16:05:06 #4 type] 
Type BankCard is not enhanced.

[2018-04-19 16:05:06 #5 type] 
Type Account is not enhanced.

[2018-04-19 16:05:06 #6 type] 
Type TimeDate is not enhanced.

[2018-04-19 16:05:06 #7 type] 
Type ATMTransaction is not enhanced.

[2018-04-19 16:05:06 #8 type] 
Type Transfer is not enhanced.

[2018-04-19 16:05:06 #9 type] 
Type ATM is not enhanced.

[2018-04-19 16:05:06 #10 type] 
Type Branch is not enhanced.

[2018-04-19 16:05:06 #11 type] 
Type CashDeposit is not enhanced.

[2018-04-19 16:05:06 #12 type] 
Type CashWithdrawal is not enhanced.

------------------------------------------------------------------------------------------------------------------------

[2018-04-19 16:24:03 #1 store] 
Database 'C:\Users\Nash\workspace\Bank\bank.odb' has been recovered (tr. 10-11)

[2018-04-19 16:24:03 #2 store] 
Database 'C:\Users\Nash\workspace\Bank\bank.odb' is opened by 4244@DESKTOP-JL1A0P2

[2018-04-19 16:24:03 #3 store] 
Configuration path: ?

------------------------------------------------------------------------------------------------------------------------

[2018-04-19 16:24:52 #1 store] 
Database 'C:\Users\Nash\workspace\Bank\bank.odb' is opened by 9072@DESKTOP-JL1A0P2

[2018-04-19 16:24:52 #2 store] 
Configuration path: ?

[2018-04-19 16:24:52 #3 type.registry] 
New type AccountHolder

[2018-04-19 16:24:52 #4 type.registry] 
New type BankCard

[2018-04-19 16:24:52 #5 type.registry] 
New type java.util.HashSet<BankCard>

[2018-04-19 16:24:52 #6 type.registry] 
New type Account

[2018-04-19 16:24:52 #7 type.registry] 
New type java.util.HashSet<Account>

[2018-04-19 16:24:52 #8 type.registry] 
New type TimeDate

[2018-04-19 16:24:52 #9 type.registry] 
New type ATMTransaction

[2018-04-19 16:24:52 #10 type.registry] 
New type java.util.HashSet<ATMTransaction>

[2018-04-19 16:24:52 #11 type.registry] 
New type java.util.HashSet<AccountHolder>

[2018-04-19 16:24:52 #12 type.registry] 
New type java.util.TreeSet<ATMTransaction>

[2018-04-19 16:24:52 #13 type.registry] 
New type Transfer

[2018-04-19 16:24:52 #14 type.registry] 
New type java.util.TreeSet<Transfer>

[2018-04-19 16:24:52 #15 type.registry] 
New type ATM

[2018-04-19 16:24:52 #16 type.registry] 
New type Branch

[2018-04-19 16:24:52 #17 type.registry] 
New type java.util.HashSet<ATM>

[2018-04-19 16:24:52 #18 type.registry] 
New type CashDeposit

[2018-04-19 16:24:52 #19 type.registry] 
New type CashWithdrawal

[2018-04-19 16:24:52 #20 type.registry] 
New type java.util.HashSet<java.lang.Object>

[2018-04-19 16:24:52 #21 type.registry] 
New type java.util.TreeSet<java.lang.Object>

------------------------------------------------------------------------------------------------------------------------

[2018-04-19 21:36:01 #1 store] 
Database 'C:\Users\Nash\workspace\Bank\bank.odb' has been recovered (tr. 10-10)

[2018-04-19 21:36:01 #2 store] 
Database 'C:\Users\Nash\workspace\Bank\bank.odb' is opened by 13072@DESKTOP-JL1A0P2

[2018-04-19 21:36:01 #3 store] 
Configuration path: ?

[2018-04-19 21:36:01 #4 type] 
Type AccountHolder is not enhanced.

[2018-04-19 21:36:01 #5 type] 
Type BankCard is not enhanced.

[2018-04-19 21:36:01 #6 type] 
Type Account is not enhanced.

[2018-04-19 21:36:01 #7 type] 
Type TimeDate is not enhanced.

[2018-04-19 21:36:01 #8 type] 
Type ATMTransaction is not enhanced.

[2018-04-19 21:36:01 #9 type] 
Type Transfer is not enhanced.

[2018-04-19 21:36:01 #10 type] 
Type ATM is not enhanced.

[2018-04-19 21:36:01 #11 type] 
Type Branch is not enhanced.

[2018-04-19 21:36:01 #12 type] 
Type CashDeposit is not enhanced.

[2018-04-19 21:36:01 #13 type] 
Type CashWithdrawal is not enhanced.

------------------------------------------------------------------------------------------------------------------------

[2018-04-19 21:54:42 #1 store] 
Database 'C:\Users\Nash\workspace\Bank\bank.odb' is opened by 10416@DESKTOP-JL1A0P2

[2018-04-19 21:54:42 #2 store] 
Configuration path: ?

[2018-04-19 21:54:43 #3 type] 
Type AccountHolder is not enhanced.

[2018-04-19 21:54:43 #4 type] 
Type BankCard is not enhanced.

[2018-04-19 21:54:43 #5 type] 
Type Account is not enhanced.

[2018-04-19 21:54:43 #6 type] 
Type TimeDate is not enhanced.

[2018-04-19 21:54:43 #7 type] 
Type ATMTransaction is not enhanced.

[2018-04-19 21:54:43 #8 type] 
Type Transfer is not enhanced.

[2018-04-19 21:54:43 #9 type] 
Type ATM is not enhanced.

[2018-04-19 21:54:43 #10 type] 
Type Branch is not enhanced.

[2018-04-19 21:54:43 #11 type] 
Type CashDeposit is not enhanced.

[2018-04-19 21:54:43 #12 type] 
Type CashWithdrawal is not enhanced.

------------------------------------------------------------------------------------------------------------------------

[2018-04-19 21:55:51 #1 store] 
Database 'C:\Users\Nash\workspace\Bank\bank.odb' has been recovered (tr. 12-12)

[2018-04-19 21:55:52 #2 store] 
Database 'C:\Users\Nash\workspace\Bank\bank.odb' is opened by 14160@DESKTOP-JL1A0P2

[2018-04-19 21:55:52 #3 store] 
Configuration path: ?

[2018-04-19 21:55:52 #4 type] 
Type AccountHolder is not enhanced.

[2018-04-19 21:55:52 #5 type] 
Type BankCard is not enhanced.

[2018-04-19 21:55:52 #6 type] 
Type Account is not enhanced.

[2018-04-19 21:55:52 #7 type] 
Type TimeDate is not enhanced.

[2018-04-19 21:55:52 #8 type] 
Type ATMTransaction is not enhanced.

[2018-04-19 21:55:52 #9 type] 
Type Transfer is not enhanced.

[2018-04-19 21:55:52 #10 type] 
Type ATM is not enhanced.

[2018-04-19 21:55:52 #11 type] 
Type Branch is not enhanced.

[2018-04-19 21:55:52 #12 type] 
Type CashDeposit is not enhanced.

[2018-04-19 21:55:52 #13 type] 
Type CashWithdrawal is not enhanced.

------------------------------------------------------------------------------------------------------------------------

[2018-04-19 21:56:10 #1 store] 
Database 'C:\Users\Nash\workspace\Bank\bank.odb' has been recovered (tr. 13-13)

[2018-04-19 21:56:10 #2 store] 
Database 'C:\Users\Nash\workspace\Bank\bank.odb' is opened by 13676@DESKTOP-JL1A0P2

[2018-04-19 21:56:10 #3 store] 
Configuration path: ?

[2018-04-19 21:56:10 #4 type] 
Type AccountHolder is not enhanced.

[2018-04-19 21:56:10 #5 type] 
Type BankCard is not enhanced.

[2018-04-19 21:56:10 #6 type] 
Type Account is not enhanced.

[2018-04-19 21:56:10 #7 type] 
Type TimeDate is not enhanced.

[2018-04-19 21:56:10 #8 type] 
Type ATMTransaction is not enhanced.

[2018-04-19 21:56:10 #9 type] 
Type Transfer is not enhanced.

[2018-04-19 21:56:10 #10 type] 
Type ATM is not enhanced.

[2018-04-19 21:56:10 #11 type] 
Type Branch is not enhanced.

[2018-04-19 21:56:10 #12 type] 
Type CashDeposit is not enhanced.

[2018-04-19 21:56:10 #13 type] 
Type CashWithdrawal is not enhanced.

------------------------------------------------------------------------------------------------------------------------

[2018-04-19 21:56:18 #1 store] 
Database 'C:\Users\Nash\workspace\Bank\bank.odb' has been recovered (tr. 14-14)

[2018-04-19 21:56:18 #2 store] 
Database 'C:\Users\Nash\workspace\Bank\bank.odb' is opened by 9032@DESKTOP-JL1A0P2

[2018-04-19 21:56:18 #3 store] 
Configuration path: ?

[2018-04-19 21:56:18 #4 type] 
Type AccountHolder is not enhanced.

[2018-04-19 21:56:18 #5 type] 
Type BankCard is not enhanced.

[2018-04-19 21:56:18 #6 type] 
Type Account is not enhanced.

[2018-04-19 21:56:18 #7 type] 
Type TimeDate is not enhanced.

[2018-04-19 21:56:18 #8 type] 
Type ATMTransaction is not enhanced.

[2018-04-19 21:56:18 #9 type] 
Type Transfer is not enhanced.

[2018-04-19 21:56:18 #10 type] 
Type ATM is not enhanced.

[2018-04-19 21:56:18 #11 type] 
Type Branch is not enhanced.

[2018-04-19 21:56:18 #12 type] 
Type CashDeposit is not enhanced.

[2018-04-19 21:56:18 #13 type] 
Type CashWithdrawal is not enhanced.

------------------------------------------------------------------------------------------------------------------------

[2018-04-19 21:56:46 #1 store] 
Database 'C:\Users\Nash\workspace\Bank\bank.odb' has been recovered (tr. 15-17)

[2018-04-19 21:56:46 #2 store] 
Database 'C:\Users\Nash\workspace\Bank\bank.odb' is opened by 13624@DESKTOP-JL1A0P2

[2018-04-19 21:56:46 #3 store] 
Configuration path: ?

[2018-04-19 21:56:47 #4 type] 
Type AccountHolder is not enhanced.

[2018-04-19 21:56:47 #5 type] 
Type BankCard is not enhanced.

[2018-04-19 21:56:47 #6 type] 
Type Account is not enhanced.

[2018-04-19 21:56:47 #7 type] 
Type TimeDate is not enhanced.

[2018-04-19 21:56:47 #8 type] 
Type ATMTransaction is not enhanced.

[2018-04-19 21:56:47 #9 type] 
Type Transfer is not enhanced.

[2018-04-19 21:56:47 #10 type] 
Type ATM is not enhanced.

[2018-04-19 21:56:47 #11 type] 
Type Branch is not enhanced.

[2018-04-19 21:56:47 #12 type] 
Type CashDeposit is not enhanced.

[2018-04-19 21:56:47 #13 type] 
Type CashWithdrawal is not enhanced.

------------------------------------------------------------------------------------------------------------------------

[2018-04-19 21:58:48 #1 store] 
Database 'C:\Users\Nash\workspace\Bank\bank.odb' is opened by 12604@DESKTOP-JL1A0P2

[2018-04-19 21:58:48 #2 store] 
Configuration path: ?

[2018-04-19 21:58:48 #3 type.registry] 
New type AccountHolder

[2018-04-19 21:58:48 #4 type] 
Type AccountHolder is not enhanced.

[2018-04-19 21:58:48 #5 type.registry] 
New type BankCard

[2018-04-19 21:58:48 #6 type.registry] 
New type java.util.HashSet<BankCard>

[2018-04-19 21:58:48 #7 type.registry] 
New type Account

[2018-04-19 21:58:48 #8 type.registry] 
New type java.util.HashSet<Account>

[2018-04-19 21:58:48 #9 type] 
Type BankCard is not enhanced.

[2018-04-19 21:58:48 #10 type.registry] 
New type TimeDate

[2018-04-19 21:58:48 #11 type.registry] 
New type ATMTransaction

[2018-04-19 21:58:48 #12 type.registry] 
New type java.util.HashSet<ATMTransaction>

[2018-04-19 21:58:48 #13 type] 
Type Account is not enhanced.

[2018-04-19 21:58:48 #14 type.registry] 
New type java.util.HashSet<AccountHolder>

[2018-04-19 21:58:48 #15 type.registry] 
New type java.util.TreeSet<ATMTransaction>

[2018-04-19 21:58:48 #16 type.registry] 
New type Transfer

[2018-04-19 21:58:48 #17 type.registry] 
New type java.util.TreeSet<Transfer>

[2018-04-19 21:58:48 #18 type] 
Type TimeDate is not enhanced.

[2018-04-19 21:58:48 #19 type] 
Type ATMTransaction is not enhanced.

[2018-04-19 21:58:48 #20 type.registry] 
New type ATM

[2018-04-19 21:58:48 #21 type] 
Type Transfer is not enhanced.

[2018-04-19 21:58:48 #22 type] 
Type ATM is not enhanced.

[2018-04-19 21:58:48 #23 type.registry] 
New type Branch

[2018-04-19 21:58:48 #24 type] 
Type Branch is not enhanced.

[2018-04-19 21:58:48 #25 type.registry] 
New type java.util.HashSet<ATM>

[2018-04-19 21:58:48 #26 type.registry] 
New type CashDeposit

[2018-04-19 21:58:48 #27 type] 
Type CashDeposit is not enhanced.

[2018-04-19 21:58:48 #28 type.registry] 
New type CashWithdrawal

[2018-04-19 21:58:48 #29 type] 
Type CashWithdrawal is not enhanced.

[2018-04-19 21:58:48 #30 type.registry] 
New type java.util.HashSet<java.lang.Object>

[2018-04-19 21:58:48 #31 type.registry] 
New type java.util.TreeSet<java.lang.Object>

------------------------------------------------------------------------------------------------------------------------

[2018-04-19 22:05:56 #1 store] 
Database 'C:\Users\Nash\workspace\Bank\bank.odb' is opened by 9580@DESKTOP-JL1A0P2

[2018-04-19 22:05:56 #2 store] 
Configuration path: ?

[2018-04-19 22:05:56 #3 type] 
Type AccountHolder is not enhanced.

[2018-04-19 22:05:56 #4 type] 
Type BankCard is not enhanced.

[2018-04-19 22:05:56 #5 type] 
Type Account is not enhanced.

[2018-04-19 22:05:56 #6 type] 
Type TimeDate is not enhanced.

[2018-04-19 22:05:56 #7 type] 
Type ATMTransaction is not enhanced.

[2018-04-19 22:05:56 #8 type] 
Type Transfer is not enhanced.

[2018-04-19 22:05:56 #9 type] 
Type ATM is not enhanced.

[2018-04-19 22:05:56 #10 type] 
Type Branch is not enhanced.

[2018-04-19 22:05:56 #11 type] 
Type CashDeposit is not enhanced.

[2018-04-19 22:05:56 #12 type] 
Type CashWithdrawal is not enhanced.

------------------------------------------------------------------------------------------------------------------------

[2018-04-19 22:06:26 #1 store] 
Database 'C:\Users\Nash\workspace\Bank\bank.odb' has been recovered (tr. 11-11)

[2018-04-19 22:06:26 #2 store] 
Database 'C:\Users\Nash\workspace\Bank\bank.odb' is opened by 12148@DESKTOP-JL1A0P2

[2018-04-19 22:06:26 #3 store] 
Configuration path: ?

[2018-04-19 22:06:27 #4 type] 
Type AccountHolder is not enhanced.

[2018-04-19 22:06:27 #5 type] 
Type BankCard is not enhanced.

[2018-04-19 22:06:27 #6 type] 
Type Account is not enhanced.

[2018-04-19 22:06:27 #7 type] 
Type TimeDate is not enhanced.

[2018-04-19 22:06:27 #8 type] 
Type ATMTransaction is not enhanced.

[2018-04-19 22:06:27 #9 type] 
Type Transfer is not enhanced.

[2018-04-19 22:06:27 #10 type] 
Type ATM is not enhanced.

[2018-04-19 22:06:27 #11 type] 
Type Branch is not enhanced.

[2018-04-19 22:06:27 #12 type] 
Type CashDeposit is not enhanced.

[2018-04-19 22:06:27 #13 type] 
Type CashWithdrawal is not enhanced.

------------------------------------------------------------------------------------------------------------------------

[2018-04-19 22:14:10 #1 store] 
Database 'C:\Users\Nash\workspace\Bank\bank.odb' has been recovered (tr. 12-12)

[2018-04-19 22:14:10 #2 store] 
Database 'C:\Users\Nash\workspace\Bank\bank.odb' is opened by 3148@DESKTOP-JL1A0P2

[2018-04-19 22:14:10 #3 store] 
Configuration path: ?

[2018-04-19 22:14:10 #4 type] 
Type AccountHolder is not enhanced.

[2018-04-19 22:14:10 #5 type] 
Type BankCard is not enhanced.

[2018-04-19 22:14:10 #6 type] 
Type Account is not enhanced.

[2018-04-19 22:14:10 #7 type] 
Type TimeDate is not enhanced.

[2018-04-19 22:14:10 #8 type] 
Type ATMTransaction is not enhanced.

[2018-04-19 22:14:10 #9 type] 
Type Transfer is not enhanced.

[2018-04-19 22:14:10 #10 type] 
Type ATM is not enhanced.

[2018-04-19 22:14:10 #11 type] 
Type Branch is not enhanced.

[2018-04-19 22:14:10 #12 type] 
Type CashDeposit is not enhanced.

[2018-04-19 22:14:10 #13 type] 
Type CashWithdrawal is not enhanced.

------------------------------------------------------------------------------------------------------------------------

[2018-04-19 22:14:22 #1 store] 
Database 'C:\Users\Nash\workspace\Bank\bank.odb' has been recovered (tr. 13-13)

[2018-04-19 22:14:22 #2 store] 
Database 'C:\Users\Nash\workspace\Bank\bank.odb' is opened by 2528@DESKTOP-JL1A0P2

[2018-04-19 22:14:22 #3 store] 
Configuration path: ?

[2018-04-19 22:14:23 #4 type] 
Type AccountHolder is not enhanced.

[2018-04-19 22:14:23 #5 type] 
Type BankCard is not enhanced.

[2018-04-19 22:14:23 #6 type] 
Type Account is not enhanced.

[2018-04-19 22:14:23 #7 type] 
Type TimeDate is not enhanced.

[2018-04-19 22:14:23 #8 type] 
Type ATMTransaction is not enhanced.

[2018-04-19 22:14:23 #9 type] 
Type Transfer is not enhanced.

[2018-04-19 22:14:23 #10 type] 
Type ATM is not enhanced.

[2018-04-19 22:14:23 #11 type] 
Type Branch is not enhanced.

[2018-04-19 22:14:23 #12 type] 
Type CashDeposit is not enhanced.

[2018-04-19 22:14:23 #13 type] 
Type CashWithdrawal is not enhanced.

------------------------------------------------------------------------------------------------------------------------

[2018-04-19 22:30:12 #1 store] 
Database 'C:\Users\Nash\workspace\Bank\bank.odb' has been recovered (tr. 14-14)

[2018-04-19 22:30:12 #2 store] 
Database 'C:\Users\Nash\workspace\Bank\bank.odb' is opened by 12796@DESKTOP-JL1A0P2

[2018-04-19 22:30:12 #3 store] 
Configuration path: ?

[2018-04-19 22:30:12 #4 type] 
Type AccountHolder is not enhanced.

[2018-04-19 22:30:12 #5 type] 
Type BankCard is not enhanced.

[2018-04-19 22:30:12 #6 type] 
Type Account is not enhanced.

[2018-04-19 22:30:12 #7 type] 
Type TimeDate is not enhanced.

[2018-04-19 22:30:12 #8 type] 
Type ATMTransaction is not enhanced.

[2018-04-19 22:30:13 #9 type] 
Type Transfer is not enhanced.

[2018-04-19 22:30:13 #10 type] 
Type ATM is not enhanced.

[2018-04-19 22:30:13 #11 type] 
Type Branch is not enhanced.

[2018-04-19 22:30:13 #12 type] 
Type CashDeposit is not enhanced.

[2018-04-19 22:30:13 #13 type] 
Type CashWithdrawal is not enhanced.

------------------------------------------------------------------------------------------------------------------------

[2018-04-19 22:30:33 #1 store] 
Database 'C:\Users\Nash\workspace\Bank\bank.odb' has been recovered (tr. 15-15)

[2018-04-19 22:30:33 #2 store] 
Database 'C:\Users\Nash\workspace\Bank\bank.odb' is opened by 7688@DESKTOP-JL1A0P2

[2018-04-19 22:30:33 #3 store] 
Configuration path: ?

[2018-04-19 22:30:33 #4 type] 
Type AccountHolder is not enhanced.

[2018-04-19 22:30:33 #5 type] 
Type BankCard is not enhanced.

[2018-04-19 22:30:33 #6 type] 
Type Account is not enhanced.

[2018-04-19 22:30:33 #7 type] 
Type TimeDate is not enhanced.

[2018-04-19 22:30:33 #8 type] 
Type ATMTransaction is not enhanced.

[2018-04-19 22:30:33 #9 type] 
Type Transfer is not enhanced.

[2018-04-19 22:30:33 #10 type] 
Type ATM is not enhanced.

[2018-04-19 22:30:33 #11 type] 
Type Branch is not enhanced.

[2018-04-19 22:30:33 #12 type] 
Type CashDeposit is not enhanced.

[2018-04-19 22:30:33 #13 type] 
Type CashWithdrawal is not enhanced.

------------------------------------------------------------------------------------------------------------------------

[2018-04-19 22:31:16 #1 store] 
Database 'C:\Users\Nash\workspace\Bank\bank.odb' has been recovered (tr. 16-16)

[2018-04-19 22:31:16 #2 store] 
Database 'C:\Users\Nash\workspace\Bank\bank.odb' is opened by 13584@DESKTOP-JL1A0P2

[2018-04-19 22:31:16 #3 store] 
Configuration path: ?

[2018-04-19 22:31:16 #4 type] 
Type AccountHolder is not enhanced.

[2018-04-19 22:31:16 #5 type] 
Type BankCard is not enhanced.

[2018-04-19 22:31:16 #6 type] 
Type Account is not enhanced.

[2018-04-19 22:31:16 #7 type] 
Type TimeDate is not enhanced.

[2018-04-19 22:31:16 #8 type] 
Type ATMTransaction is not enhanced.

[2018-04-19 22:31:16 #9 type] 
Type Transfer is not enhanced.

[2018-04-19 22:31:16 #10 type] 
Type ATM is not enhanced.

[2018-04-19 22:31:16 #11 type] 
Type Branch is not enhanced.

[2018-04-19 22:31:16 #12 type] 
Type CashDeposit is not enhanced.

[2018-04-19 22:31:16 #13 type] 
Type CashWithdrawal is not enhanced.

------------------------------------------------------------------------------------------------------------------------

[2018-04-19 22:39:55 #1 store] 
Database 'C:\Users\Nash\workspace\Bank\bank.odb' has been recovered (tr. 17-17)

[2018-04-19 22:39:55 #2 store] 
Database 'C:\Users\Nash\workspace\Bank\bank.odb' is opened by 12404@DESKTOP-JL1A0P2

[2018-04-19 22:39:55 #3 store] 
Configuration path: ?

[2018-04-19 22:39:55 #4 type] 
Type AccountHolder is not enhanced.

[2018-04-19 22:39:55 #5 type] 
Type BankCard is not enhanced.

[2018-04-19 22:39:55 #6 type] 
Type Account is not enhanced.

[2018-04-19 22:39:55 #7 type] 
Type TimeDate is not enhanced.

[2018-04-19 22:39:55 #8 type] 
Type ATMTransaction is not enhanced.

[2018-04-19 22:39:55 #9 type] 
Type Transfer is not enhanced.

[2018-04-19 22:39:55 #10 type] 
Type ATM is not enhanced.

[2018-04-19 22:39:55 #11 type] 
Type Branch is not enhanced.

[2018-04-19 22:39:55 #12 type] 
Type CashDeposit is not enhanced.

[2018-04-19 22:39:55 #13 type] 
Type CashWithdrawal is not enhanced.

------------------------------------------------------------------------------------------------------------------------

[2018-04-19 23:27:14 #1 store] 
Database 'C:\Users\Nash\workspace\Bank\bank.odb' has been recovered (tr. 18-18)

[2018-04-19 23:27:14 #2 store] 
Database 'C:\Users\Nash\workspace\Bank\bank.odb' is opened by 11304@DESKTOP-JL1A0P2

[2018-04-19 23:27:14 #3 store] 
Configuration path: ?

[2018-04-19 23:27:14 #4 type] 
Type AccountHolder is not enhanced.

[2018-04-19 23:27:14 #5 type] 
Type BankCard is not enhanced.

[2018-04-19 23:27:14 #6 type] 
Type Account is not enhanced.

[2018-04-19 23:27:14 #7 type] 
Type TimeDate is not enhanced.

[2018-04-19 23:27:14 #8 type] 
Type ATMTransaction is not enhanced.

[2018-04-19 23:27:14 #9 type] 
Type Transfer is not enhanced.

[2018-04-19 23:27:14 #10 type] 
Type ATM is not enhanced.

[2018-04-19 23:27:14 #11 type] 
Type Branch is not enhanced.

[2018-04-19 23:27:14 #12 type] 
Type CashDeposit is not enhanced.

[2018-04-19 23:27:14 #13 type] 
Type CashWithdrawal is not enhanced.

------------------------------------------------------------------------------------------------------------------------

[2018-04-19 23:59:45 #1 store] 
Database 'C:\Users\Nash\workspace\Bank\bank.odb' has been recovered (tr. 19-19)

[2018-04-19 23:59:45 #2 store] 
Database 'C:\Users\Nash\workspace\Bank\bank.odb' is opened by 10100@DESKTOP-JL1A0P2

[2018-04-19 23:59:45 #3 store] 
Configuration path: ?

[2018-04-19 23:59:45 #4 type] 
Type AccountHolder is not enhanced.

[2018-04-19 23:59:45 #5 type] 
Type BankCard is not enhanced.

[2018-04-19 23:59:45 #6 type] 
Type Account is not enhanced.

[2018-04-19 23:59:45 #7 type] 
Type TimeDate is not enhanced.

[2018-04-19 23:59:45 #8 type] 
Type ATMTransaction is not enhanced.

[2018-04-19 23:59:45 #9 type] 
Type Transfer is not enhanced.

[2018-04-19 23:59:45 #10 type] 
Type ATM is not enhanced.

[2018-04-19 23:59:45 #11 type] 
Type Branch is not enhanced.

[2018-04-19 23:59:45 #12 type] 
Type CashDeposit is not enhanced.

[2018-04-19 23:59:45 #13 type] 
Type CashWithdrawal is not enhanced.

